<?xml version="1.0" encoding="UTF-8"?>
<testsuites name="jest tests" tests="11" failures="0" errors="0" time="3.593">
  <testsuite name="Task API" errors="0" failures="0" skipped="0" timestamp="2026-04-16T09:17:00" time="3.396" tests="11">
    <testcase classname="Task API GET /api/tasks should return empty array when no tasks exist" name="Task API GET /api/tasks should return empty array when no tasks exist" time="0.06">
    </testcase>
    <testcase classname="Task API GET /api/tasks should return all tasks" name="Task API GET /api/tasks should return all tasks" time="0.011">
    </testcase>
    <testcase classname="Task API POST /api/tasks should create a new task with valid data" name="Task API POST /api/tasks should create a new task with valid data" time="0.034">
    </testcase>
    <testcase classname="Task API POST /api/tasks should return 400 when title is missing" name="Task API POST /api/tasks should return 400 when title is missing" time="0.011">
    </testcase>
    <testcase classname="Task API POST /api/tasks should use default priority when not provided" name="Task API POST /api/tasks should use default priority when not provided" time="0.011">
    </testcase>
    <testcase classname="Task API PATCH /api/tasks/:id should update an existing task" name="Task API PATCH /api/tasks/:id should update an existing task" time="0.008">
    </testcase>
    <testcase classname="Task API PATCH /api/tasks/:id should return 404 for non-existent task" name="Task API PATCH /api/tasks/:id should return 404 for non-existent task" time="0.006">
    </testcase>
    <testcase classname="Task API PATCH /api/tasks/:id/toggle should toggle task completion status from false to true" name="Task API PATCH /api/tasks/:id/toggle should toggle task completion status from false to true" time="0.007">
    </testcase>
    <testcase classname="Task API PATCH /api/tasks/:id/toggle should toggle task completion status from true to false" name="Task API PATCH /api/tasks/:id/toggle should toggle task completion status from true to false" time="0.012">
    </testcase>
    <testcase classname="Task API PATCH /api/tasks/:id/toggle should return 404 for non-existent task" name="Task API PATCH /api/tasks/:id/toggle should return 404 for non-existent task" time="0.006">
    </testcase>
    <testcase classname="Task API DELETE /api/tasks/:id should delete an existing task" name="Task API DELETE /api/tasks/:id should delete an existing task" time="0.008">
    </testcase>
  </testsuite>
</testsuites>